<?xml version="1.0" encoding="UTF-8"?>
<!-- Generated by org.testng.reporters.JUnitXMLReporter -->
<testsuite ignored="0" hostname="DESKTOP-IJVEGUQ" failures="1" tests="4" name="Test" time="1.71" errors="0" timestamp="26 Jan 2025 12:53:12 GMT">
  <testcase classname="com.tests.LoginTest" name="test01" time="1.396"/>
  <testcase classname="com.tests.LoginTest" name="test02" time="0.006">
    <skipped/>
  </testcase> <!-- test02 -->
  <testcase classname="com.tests.LoginTest" name="test02" time="0.009">
    <skipped/>
  </testcase> <!-- test02 -->
  <testcase classname="com.tests.LoginTest" name="test02" time="0.003">
    <failure type="java.lang.AssertionError" message="expected [true] but found [false]">
      <![CDATA[java.lang.AssertionError: expected [true] but found [false]
at com.tests.LoginTest.test02(LoginTest.java:30)
... Removed 29 stack frames]]>
    </failure>
  </testcase> <!-- test02 -->
</testsuite> <!-- Test -->
